2015-07-08 11:27:01.246+0000 INFO  [org.neo4j]: No locking implementation specified, defaulting to 'community'
2015-07-08 11:27:01.246+0000 INFO  [org.neo4j]: --- INITIALIZED diagnostics START ---
2015-07-08 11:27:01.246+0000 INFO  [org.neo4j]: Neo4j Kernel properties:
    store_dir=/home/quentin/git/ProjetSMBL/SMA/src/main/resources/fusionMemeNoeud
    ephemeral=false
2015-07-08 11:27:01.246+0000 INFO  [org.neo4j]: Diagnostics providers:
    org.neo4j.kernel.configuration.Config
    org.neo4j.kernel.info.DiagnosticsManager
    SYSTEM_MEMORY
    JAVA_MEMORY
    OPERATING_SYSTEM
    JAVA_VIRTUAL_MACHINE
    CLASSPATH
    LIBRARY_PATH
    SYSTEM_PROPERTIES
    LINUX_SCHEDULERS
    NETWORK
2015-07-08 11:27:01.247+0000 INFO  [org.neo4j]: System memory information:
    Total Physical memory: 3,76 GB
    Free Physical memory: 478,43 MB
    Committed virtual memory: 3,35 GB
    Total swap space: 3,90 GB
    Free swap space: 3,90 GB
2015-07-08 11:27:01.248+0000 INFO  [org.neo4j]: JVM memory information:
    Free  memory: 132,62 MB
    Total memory: 258,50 MB
    Max   memory: 857,00 MB
    Garbage Collector: PS Scavenge: [PS Eden Space, PS Survivor Space]
    Garbage Collector: PS MarkSweep: [PS Eden Space, PS Survivor Space, PS Old Gen, PS Perm Gen]
    Memory Pool: Code Cache (Non-heap memory): committed=2,50 MB, used=2,39 MB, max=48,00 MB, threshold=0,00 B
    Memory Pool: PS Eden Space (Heap memory): committed=85,00 MB, used=29,74 MB, max=264,00 MB, threshold=?
    Memory Pool: PS Survivor Space (Heap memory): committed=28,00 MB, used=1,03 MB, max=28,00 MB, threshold=?
    Memory Pool: PS Old Gen (Heap memory): committed=145,50 MB, used=95,11 MB, max=642,50 MB, threshold=0,00 B
    Memory Pool: PS Perm Gen (Non-heap memory): committed=78,00 MB, used=40,04 MB, max=166,00 MB, threshold=0,00 B
2015-07-08 11:27:01.249+0000 INFO  [org.neo4j]: Operating system information:
    Operating System: Linux; version: 3.13.0-45-generic; arch: amd64; cpus: 4
    Max number of file descriptors: 4096
    Number of open file descriptors: 88
    Process id: 18090@quentin-W251ESQ-W270ESQ
    Byte order: LITTLE_ENDIAN
    Local timezone: Europe/Paris
2015-07-08 11:27:01.250+0000 INFO  [org.neo4j]: JVM information:
    VM Name: OpenJDK 64-Bit Server VM
    VM Vendor: Oracle Corporation
    VM Version: 24.75-b04
    JIT compiler: HotSpot 64-Bit Tiered Compilers
    VM Arguments: [-Dfile.encoding=UTF-8]
2015-07-08 11:27:01.250+0000 INFO  [org.neo4j]: Java classpath:
     [classpath + loader.0] file:/home/quentin/.m2/repository/org/graphstream/pherd/1.0/pherd-1.0.jar
     [classpath + loader.0] file:/home/quentin/.m2/repository/org/hamcrest/hamcrest-core/1.3/hamcrest-core-1.3.jar
     [classpath + loader.0] file:/home/quentin/.m2/repository/org/graphstream/gs-ui/1.3/gs-ui-1.3.jar
     [classpath + loader.0] file:/home/quentin/.m2/repository/org/neo4j/neo4j-cypher-compiler-2.1/2.1.7/neo4j-cypher-compiler-2.1-2.1.7.jar
     [classpath + loader.0] file:/home/quentin/.m2/repository/com/fasterxml/jackson/core/jackson-databind/2.3.3/jackson-databind-2.3.3.jar
     [classpath + loader.0] file:/home/quentin/.m2/repository/org/neo4j/neo4j-graph-algo/2.2.1/neo4j-graph-algo-2.2.1.jar
     [classpath + loader.0] file:/home/quentin/.m2/repository/org/apache/commons/commons-math3/3.4.1/commons-math3-3.4.1.jar
     [bootstrap] /usr/lib/jvm/java-7-openjdk-amd64/jre/lib/charsets.jar
     [classpath + loader.0] file:/home/quentin/.m2/repository/junit/junit/4.12/junit-4.12.jar
     [bootstrap] /usr/lib/jvm/java-7-openjdk-amd64/jre/lib/sunrsasign.jar
     [classpath + loader.0] file:/home/quentin/.m2/repository/org/neo4j/neo4j-consistency-check/2.2.1/neo4j-consistency-check-2.2.1.jar
     [bootstrap] /usr/lib/jvm/java-7-openjdk-amd64/jre/lib/rhino.jar
     [loader.1] file:/usr/lib/jvm/java-7-openjdk-amd64/jre/lib/ext/zipfs.jar
     [loader.1] file:/usr/lib/x86_64-linux-gnu/jni/libatk-wrapper.so.0.0.18
     [classpath + loader.0] file:/home/quentin/.m2/repository/xml-apis/xml-apis/1.3.04/xml-apis-1.3.04.jar
     [loader.1] file:/usr/lib/jvm/java-7-openjdk-amd64/jre/lib/ext/sunpkcs11.jar
     [classpath + loader.0] file:/home/quentin/git/ProjetSMBL/Generator/target/classes/
     [classpath + loader.0] file:/home/quentin/.m2/repository/org/neo4j/neo4j-graph-matching/2.2.1/neo4j-graph-matching-2.2.1.jar
     [classpath + loader.0] file:/home/quentin/.m2/repository/org/neo4j/neo4j-lucene-index/2.2.1/neo4j-lucene-index-2.2.1.jar
     [classpath + loader.0] file:/home/quentin/.m2/repository/org/neo4j/neo4j-kernel/2.2.1/neo4j-kernel-2.2.1.jar
     [classpath + loader.0] file:/home/quentin/.m2/repository/net/sf/opencsv/opencsv/2.3/opencsv-2.3.jar
     [classpath + loader.0] file:/home/quentin/git/ProjetSMBL/Generator/target/test-classes/
     [classpath + loader.0] file:/home/quentin/.m2/repository/org/neo4j/neo4j-jmx/2.2.1/neo4j-jmx-2.2.1.jar
     [classpath + loader.0] file:/home/quentin/.m2/repository/org/scala-lang/scala-reflect/2.10.5/scala-reflect-2.10.5.jar
     [classpath + loader.0] file:/home/quentin/.m2/repository/org/jfree/jfreechart/1.0.14/jfreechart-1.0.14.jar
     [bootstrap] /usr/lib/jvm/java-7-openjdk-amd64/jre/lib/resources.jar
     [classpath + loader.0] file:/home/quentin/.m2/repository/org/jfree/jcommon/1.0.17/jcommon-1.0.17.jar
     [classpath + loader.0] file:/home/quentin/.m2/repository/org/graphstream/gs-core/1.3/gs-core-1.3.jar
     [classpath + loader.0] file:/home/quentin/.m2/repository/org/neo4j/neo4j-cypher-compiler-2.2/2.2.1/neo4j-cypher-compiler-2.2-2.2.1.jar
     [classpath + loader.0] file:/home/quentin/.m2/repository/org/neo4j/neo4j-cypher-compiler-1.9/2.0.4/neo4j-cypher-compiler-1.9-2.0.4.jar
     [classpath + loader.0] file:/home/quentin/git/ProjetSMBL/View/target/classes/
     [loader.1] file:/usr/lib/jvm/java-7-openjdk-amd64/jre/lib/ext/icedtea-sound.jar
     [classpath + loader.0] file:/home/quentin/.m2/repository/org/neo4j/neo4j-cypher/2.2.1/neo4j-cypher-2.2.1.jar
     [classpath + loader.0] file:/home/quentin/.m2/repository/org/neo4j/neo4j-primitive-collections/2.2.1/neo4j-primitive-collections-2.2.1.jar
     [classpath + loader.0] file:/home/quentin/.m2/repository/org/apache/commons/commons-math/2.1/commons-math-2.1.jar
     [loader.1] file:/usr/lib/jvm/java-7-openjdk-amd64/jre/lib/ext/sunjce_provider.jar
     [classpath + loader.0] file:/home/quentin/Program_Files/eclipse-luna/plugins/org.hamcrest.core_1.3.0.v201303031735.jar
     [classpath + loader.0] file:/home/quentin/git/ProjetSMBL/View/target/test-classes/
     [classpath + loader.0] file:/home/quentin/.m2/repository/org/neo4j/neo4j-csv/2.2.1/neo4j-csv-2.2.1.jar
     [classpath + loader.0] file:/home/quentin/.m2/repository/org/neo4j/neo4j-udc/2.2.1/neo4j-udc-2.2.1.jar
     [classpath + loader.0] file:/home/quentin/.m2/repository/org/parboiled/parboiled-scala_2.10/1.1.7/parboiled-scala_2.10-1.1.7.jar
     [classpath + loader.0] file:/home/quentin/.m2/repository/org/parboiled/parboiled-core/1.1.7/parboiled-core-1.1.7.jar
     [bootstrap] /usr/lib/jvm/java-7-openjdk-amd64/jre/lib/jce.jar
     [loader.1] file:/usr/lib/jvm/java-7-openjdk-amd64/jre/lib/ext/dnsns.jar
     [classpath + loader.0] file:/home/quentin/.m2/repository/bouncycastle/bcprov-jdk14/138/bcprov-jdk14-138.jar
     [classpath + loader.0] file:/home/quentin/.m2/repository/org/neo4j/neo4j/2.2.1/neo4j-2.2.1.jar
     [classpath + loader.0] file:/home/quentin/Program_Files/eclipse-luna/plugins/org.junit_4.11.0.v201303080030/junit.jar
     [classpath + loader.0] file:/home/quentin/.m2/repository/org/apache/lucene/lucene-core/3.6.2/lucene-core-3.6.2.jar
     [classpath + loader.0] file:/home/quentin/git/ProjetSMBL/SMA/target/classes/
     [bootstrap] /usr/lib/jvm/java-7-openjdk-amd64/jre/lib/jsse.jar
     [classpath + loader.0] file:/home/quentin/.m2/repository/org/neo4j/neo4j-cypher-compiler-2.0/2.0.4/neo4j-cypher-compiler-2.0-2.0.4.jar
     [classpath + loader.0] file:/home/quentin/.m2/repository/org/neo4j/neo4j-io/2.2.1/neo4j-io-2.2.1.jar
     [loader.1] file:/usr/lib/jvm/java-7-openjdk-amd64/jre/lib/ext/java-atk-wrapper.jar
     [classpath + loader.0] file:/home/quentin/.m2/repository/org/graphstream/mbox2/1.0/mbox2-1.0.jar
     [classpath + loader.0] file:/home/quentin/.m2/repository/com/fasterxml/jackson/core/jackson-core/2.3.1/jackson-core-2.3.1.jar
     [classpath + loader.0] file:/home/quentin/.m2/repository/com/fasterxml/jackson/core/jackson-annotations/2.3.0/jackson-annotations-2.3.0.jar
     [bootstrap] /usr/lib/jvm/java-7-openjdk-amd64/jre/classes
     [bootstrap] /usr/lib/jvm/java-7-openjdk-amd64/jre/lib/jfr.jar
     [bootstrap] /usr/lib/jvm/java-7-openjdk-amd64/jre/lib/rt.jar
     [classpath + loader.0] file:/home/quentin/.m2/repository/org/graphstream/gs-algo/1.3/gs-algo-1.3.jar
     [classpath + loader.0] file:/home/quentin/.m2/repository/com/googlecode/concurrentlinkedhashmap/concurrentlinkedhashmap-lru/1.4/concurrentlinkedhashmap-lru-1.4.jar
     [classpath + loader.0] file:/home/quentin/.m2/repository/bouncycastle/bcmail-jdk14/138/bcmail-jdk14-138.jar
     [classpath + loader.0] file:/home/quentin/.m2/repository/com/lowagie/itext/2.1.5/itext-2.1.5.jar
     [classpath + loader.0] file:/home/quentin/.m2/repository/junit/junit/4.2/junit-4.2.jar
     [loader.1] file:/usr/lib/jvm/java-7-openjdk-amd64/jre/lib/ext/localedata.jar
     [classpath + loader.0] file:/home/quentin/.m2/repository/org/neo4j/neo4j-unsafe/2.2.1/neo4j-unsafe-2.2.1.jar
     [classpath + loader.0] file:/home/quentin/.m2/repository/org/scala-lang/scala-library/2.10.1/scala-library-2.10.1.jar
2015-07-08 11:27:01.252+0000 INFO  [org.neo4j]: Library path:
    /usr/java/packages/lib/amd64
    /usr/lib/x86_64-linux-gnu/jni
    /lib/x86_64-linux-gnu
    /usr/lib/x86_64-linux-gnu
    /usr/lib/jni
    /lib
    /usr/lib
2015-07-08 11:27:01.252+0000 INFO  [org.neo4j]: System.properties:
    sun.boot.library.path = /usr/lib/jvm/java-7-openjdk-amd64/jre/lib/amd64
    path.separator = :
    file.encoding.pkg = sun.io
    user.country = FR
    sun.java.launcher = SUN_STANDARD
    sun.os.patch.level = unknown
    user.dir = /home/quentin/git/ProjetSMBL/SMA
    sun.jnu.encoding = UTF-8
    sun.awt.enableExtraMouseButtons = true
    sun.management.compiler = HotSpot 64-Bit Tiered Compilers
    user.home = /home/quentin
    user.timezone = Europe/Paris
    file.encoding = UTF-8
    org.graphstream.ui.renderer = org.graphstream.ui.j2dviewer.J2DGraphRenderer
    user.name = quentin
    sun.java.command = agents.MainClass
    sun.arch.data.model = 64
    user.language = fr
    awt.toolkit = sun.awt.X11.XToolkit
    file.separator = /
    sun.font.fontmanager = sun.awt.X11FontManager
    sun.io.unicode.encoding = UnicodeLittle
    sun.cpu.endian = little
    sun.desktop = gnome
    sun.cpu.isalist = 
2015-07-08 11:27:01.252+0000 INFO  [org.neo4j]: Linux scheduler information:
    noop [deadline] cfq 
    noop [deadline] cfq 
    none
    none
    none
    none
    none
    none
    none
    none
    none
    none
    none
    none
    none
    none
    none
    none
    none
    none
    none
    none
    none
    none
    none
    none
2015-07-08 11:27:01.254+0000 INFO  [org.neo4j]: Network information:
    Interface wlan0:
        address: fe80:0:0:0:6a5d:43ff:febf:3934%3
        address: 130.120.210.240
    Interface lo:
        address: 0:0:0:0:0:0:0:1%1
        address: 127.0.0.1
2015-07-08 11:27:01.254+0000 INFO  [org.neo4j]: --- INITIALIZED diagnostics END ---
2015-07-08 11:27:01.261+0000 INFO  [org.neo4j]: Creating new db @ /home/quentin/git/ProjetSMBL/SMA/src/main/resources/fusionMemeNoeud/neostore
2015-07-08 11:27:04.592+0000 INFO  [org.neo4j]: No lucene scan store index found, this might just be first use. Preparing to rebuild.
2015-07-08 11:27:04.593+0000 INFO  [org.neo4j]: No lucene scan store index found, this might just be first use. Preparing to rebuild.
2015-07-08 11:27:04.594+0000 INFO  [org.neo4j]: Opened logical log [/home/quentin/git/ProjetSMBL/SMA/src/main/resources/fusionMemeNoeud/neostore.transaction.db.0] version=0, lastTxId=1 (clean)
2015-07-08 11:27:04.594+0000 INFO  [org.neo4j]: Missing counts store, rebuilding it.
2015-07-08 11:27:04.658+0000 INFO  [org.neo4j]: Rebuilding lucene scan store, this may take a while
2015-07-08 11:27:04.658+0000 INFO  [org.neo4j]: Lucene scan store rebuilt (roughly -1 nodes)
2015-07-08 11:27:04.659+0000 INFO  [org.neo4j]: Kernel health set to OK
2015-07-08 11:27:04.667+0000 INFO  [org.neo4j]: --- STARTED diagnostics for KernelDiagnostics:Versions START ---
2015-07-08 11:27:04.668+0000 INFO  [org.neo4j]: Graph Database: org.neo4j.kernel.EmbeddedGraphDatabase StoreId{creationTime=1436354821261, randomId=-7793353600340360823, storeVersion=14969031248344582, upgradeTime=1436354821261, upgradeId=1}
2015-07-08 11:27:04.668+0000 INFO  [org.neo4j]: Kernel version: Neo4j - Graph Database Kernel (neo4j-kernel), version: 2.2.1
2015-07-08 11:27:04.668+0000 INFO  [org.neo4j]: Neo4j component versions:
2015-07-08 11:27:04.672+0000 INFO  [org.neo4j]:   Neo4j - Lucene Index (neo4j-lucene-index), version: 2.2.1; revision: 2.2.1:2.2:904/c23258e99edbfff137bea0d83af56c79a46bca31
2015-07-08 11:27:04.672+0000 INFO  [org.neo4j]:   Neo4j - Cypher Compiler 2.1 (neo4j-cypher-compiler-2.1), version: 2.1.7; revision: 2.1.7:2.1-maint:649/ed233fc1087f4549d1956b8ec4a504fe2f13a446
2015-07-08 11:27:04.672+0000 INFO  [org.neo4j]:   Neo4j - Consistency Checker (neo4j-consistency-check), version: 2.2.1; revision: 2.2.1:2.2:904/c23258e99edbfff137bea0d83af56c79a46bca31
2015-07-08 11:27:04.672+0000 INFO  [org.neo4j]:   Neo4j - Graph Algorithms (neo4j-graph-algo), version: 2.2.1; revision: 2.2.1:2.2:904/c23258e99edbfff137bea0d83af56c79a46bca31
2015-07-08 11:27:04.672+0000 INFO  [org.neo4j]:   Neo4j - Cypher Compiler 2.0 (neo4j-cypher-compiler-2.0), version: 2.0.4; revision: 2.0.4:2.0-maint:130/4a7d10bc274a5d26a180bbe9df25100e8a694748
2015-07-08 11:27:04.672+0000 INFO  [org.neo4j]:   Neo4j - Cypher Compiler 2.2 (neo4j-cypher-compiler-2.2), version: 2.2.1; revision: 2.2.1:2.2:904/c23258e99edbfff137bea0d83af56c79a46bca31
2015-07-08 11:27:04.672+0000 INFO  [org.neo4j]:   Neo4j - Cypher Compiler 1.9 (neo4j-cypher-compiler-1.9), version: 2.0.4; revision: 2.0.4:2.0-maint:130/4a7d10bc274a5d26a180bbe9df25100e8a694748
2015-07-08 11:27:04.672+0000 INFO  [org.neo4j]:   neo4j-udc, version: 2.2.1; revision: 2.2.1:2.2:904/c23258e99edbfff137bea0d83af56c79a46bca31
2015-07-08 11:27:04.672+0000 INFO  [org.neo4j]:   Neo4j - JMX support (neo4j-jmx), version: 2.2.1; revision: 2.2.1:2.2:904/c23258e99edbfff137bea0d83af56c79a46bca31
2015-07-08 11:27:04.672+0000 INFO  [org.neo4j]:   Neo4j - Graph Matching (neo4j-graph-matching), version: 2.2.1; revision: 2.2.1:2.2:904/c23258e99edbfff137bea0d83af56c79a46bca31
2015-07-08 11:27:04.672+0000 INFO  [org.neo4j]:   Neo4j - Graph Database Kernel (neo4j-kernel), version: 2.2.1; revision: 2.2.1:2.2:904/c23258e99edbfff137bea0d83af56c79a46bca31
2015-07-08 11:27:04.672+0000 INFO  [org.neo4j]:   Neo4j - Cypher (neo4j-cypher), version: 2.2.1; revision: 2.2.1:2.2:904/c23258e99edbfff137bea0d83af56c79a46bca31
2015-07-08 11:27:04.672+0000 INFO  [org.neo4j]:   Neo4j - Community (neo4j), version: 2.2.1; revision: 2.2.1:2.2:904/c23258e99edbfff137bea0d83af56c79a46bca31
2015-07-08 11:27:04.672+0000 INFO  [org.neo4j]: --- STARTED diagnostics for KernelDiagnostics:Versions END ---
2015-07-08 11:27:04.672+0000 INFO  [org.neo4j]: --- STARTED diagnostics for NEO_STORE_VERSIONS START ---
2015-07-08 11:27:04.672+0000 INFO  [org.neo4j]: Store versions:
    Store versions:
      NeoStore v0.A.5
      SchemaStore v0.A.5
      NodeStore v0.A.5
      RelationshipStore v0.A.5
      RelationshipTypeStore v0.A.5
      LabelTokenStore v0.A.5
      PropertyStore v0.A.5
      PropertyIndexStore v0.A.5
      StringPropertyStore v0.A.5
      ArrayPropertyStore v0.A.5
      RelationshipGroupStore v0.A.5
2015-07-08 11:27:04.673+0000 INFO  [org.neo4j]: --- STARTED diagnostics for NEO_STORE_VERSIONS END ---
2015-07-08 11:27:04.673+0000 INFO  [org.neo4j]: --- STARTED diagnostics for NEO_STORE_ID_USAGE START ---
2015-07-08 11:27:04.673+0000 INFO  [org.neo4j]: Id usage:
    Id usage:
      SchemaStore: used=1 high=0
      NodeStore: used=0 high=-1
      RelationshipStore: used=0 high=-1
      RelationshipTypeStore: used=0 high=-1
      LabelTokenStore: used=0 high=-1
      PropertyStore: used=0 high=-1
      PropertyIndexStore: used=0 high=-1
      StringPropertyStore: used=1 high=0
      ArrayPropertyStore: used=1 high=0
      RelationshipGroupStore: used=1 high=0
2015-07-08 11:27:04.674+0000 INFO  [org.neo4j]: --- STARTED diagnostics for NEO_STORE_ID_USAGE END ---
2015-07-08 11:27:04.674+0000 INFO  [org.neo4j]: --- STARTED diagnostics for KernelDiagnostics:StoreFiles START ---
2015-07-08 11:27:04.674+0000 INFO  [org.neo4j]: Disk space on partition (Total / Free / Free %): 625834442752 / 538253598720 / 86
Storage files: (filename : modification date - size)
      index:
      - Total: 2015-07-08T13:27:01+0200 - 0,00 B
      lock: 2015-07-08T13:27:04+0200 - 0,00 B
      messages.log: 2015-07-08T13:27:04+0200 - 16,15 kB
      neostore: 2015-07-08T13:27:04+0200 - 99,00 B
      neostore.counts.db.a: 2015-07-08T13:27:04+0200 - 114,00 B
      neostore.id: 2015-07-08T13:27:04+0200 - 9,00 B
      neostore.labeltokenstore.db: 2015-07-08T13:27:04+0200 - 0,00 B
      neostore.labeltokenstore.db.id: 2015-07-08T13:27:04+0200 - 9,00 B
      neostore.labeltokenstore.db.names: 2015-07-08T13:27:04+0200 - 38,00 B
      neostore.labeltokenstore.db.names.id: 2015-07-08T13:27:04+0200 - 9,00 B
      neostore.nodestore.db: 2015-07-08T13:27:04+0200 - 0,00 B
      neostore.nodestore.db.id: 2015-07-08T13:27:04+0200 - 9,00 B
      neostore.nodestore.db.labels: 2015-07-08T13:27:04+0200 - 68,00 B
      neostore.nodestore.db.labels.id: 2015-07-08T13:27:04+0200 - 9,00 B
      neostore.propertystore.db: 2015-07-08T13:27:04+0200 - 0,00 B
      neostore.propertystore.db.arrays: 2015-07-08T13:27:04+0200 - 128,00 B
      neostore.propertystore.db.arrays.id: 2015-07-08T13:27:04+0200 - 9,00 B
      neostore.propertystore.db.id: 2015-07-08T13:27:04+0200 - 9,00 B
      neostore.propertystore.db.index: 2015-07-08T13:27:04+0200 - 0,00 B
      neostore.propertystore.db.index.id: 2015-07-08T13:27:04+0200 - 9,00 B
      neostore.propertystore.db.index.keys: 2015-07-08T13:27:04+0200 - 38,00 B
      neostore.propertystore.db.index.keys.id: 2015-07-08T13:27:04+0200 - 9,00 B
      neostore.propertystore.db.strings: 2015-07-08T13:27:04+0200 - 128,00 B
      neostore.propertystore.db.strings.id: 2015-07-08T13:27:04+0200 - 9,00 B
      neostore.relationshipgroupstore.db: 2015-07-08T13:27:04+0200 - 25,00 B
      neostore.relationshipgroupstore.db.id: 2015-07-08T13:27:04+0200 - 9,00 B
      neostore.relationshipstore.db: 2015-07-08T13:27:04+0200 - 0,00 B
      neostore.relationshipstore.db.id: 2015-07-08T13:27:04+0200 - 9,00 B
      neostore.relationshiptypestore.db: 2015-07-08T13:27:04+0200 - 0,00 B
      neostore.relationshiptypestore.db.id: 2015-07-08T13:27:04+0200 - 9,00 B
      neostore.relationshiptypestore.db.names: 2015-07-08T13:27:04+0200 - 38,00 B
      neostore.relationshiptypestore.db.names.id: 2015-07-08T13:27:04+0200 - 9,00 B
      neostore.schemastore.db: 2015-07-08T13:27:04+0200 - 64,00 B
      neostore.schemastore.db.id: 2015-07-08T13:27:04+0200 - 9,00 B
      neostore.transaction.db.0: 2015-07-08T13:27:04+0200 - 16,00 B
      schema:
        label:
          lucene:
            write.lock: 2015-07-08T13:27:04+0200 - 0,00 B
          - Total: 2015-07-08T13:27:04+0200 - 0,00 B
        - Total: 2015-07-08T13:27:04+0200 - 0,00 B
      - Total: 2015-07-08T13:27:04+0200 - 0,00 B
      store_lock: 2015-07-08T13:27:01+0200 - 0,00 B
2015-07-08 11:27:04.680+0000 INFO  [org.neo4j]: --- STARTED diagnostics for KernelDiagnostics:StoreFiles END ---
2015-07-08 11:27:04.681+0000 INFO  [org.neo4j]: Database is now ready
2015-07-08 11:27:05.879+0000 INFO  [org.neo4j]: Shutdown started
2015-07-08 11:27:05.879+0000 INFO  [org.neo4j]: Database is now unavailable
2015-07-08 11:27:06.019+0000 INFO  [org.neo4j]: About to rotate counts store at transaction 18 to [/home/quentin/git/ProjetSMBL/SMA/src/main/resources/fusionMemeNoeud/neostore.counts.db.b], from [/home/quentin/git/ProjetSMBL/SMA/src/main/resources/fusionMemeNoeud/neostore.counts.db.a].
2015-07-08 11:27:06.019+0000 INFO  [org.neo4j]: Successfully rotated counts store at transaction 18 to [/home/quentin/git/ProjetSMBL/SMA/src/main/resources/fusionMemeNoeud/neostore.counts.db.b], from [/home/quentin/git/ProjetSMBL/SMA/src/main/resources/fusionMemeNoeud/neostore.counts.db.a].
2015-07-08 11:27:07.944+0000 INFO  [org.neo4j]: NeoStore closed
2015-07-08 11:27:07.944+0000 INFO  [org.neo4j]: --- STOPPING diagnostics START ---
2015-07-08 11:27:07.944+0000 INFO  [org.neo4j]: --- STOPPING diagnostics END ---
2015-07-08 11:29:16.851+0000 INFO  [org.neo4j]: No locking implementation specified, defaulting to 'community'
2015-07-08 11:29:16.980+0000 INFO  [org.neo4j]: --- INITIALIZED diagnostics START ---
2015-07-08 11:29:16.982+0000 INFO  [org.neo4j]: Neo4j Kernel properties:
    store_dir=/home/quentin/git/ProjetSMBL/SMA/src/main/resources/fusionMemeNoeud
    ephemeral=false
2015-07-08 11:29:16.990+0000 INFO  [org.neo4j]: Diagnostics providers:
    org.neo4j.kernel.configuration.Config
    org.neo4j.kernel.info.DiagnosticsManager
    SYSTEM_MEMORY
    JAVA_MEMORY
    OPERATING_SYSTEM
    JAVA_VIRTUAL_MACHINE
    CLASSPATH
    LIBRARY_PATH
    SYSTEM_PROPERTIES
    LINUX_SCHEDULERS
    NETWORK
2015-07-08 11:29:16.991+0000 INFO  [org.neo4j]: System memory information:
    Total Physical memory: 3,76 GB
    Free Physical memory: 683,35 MB
    Committed virtual memory: 2,83 GB
    Total swap space: 3,90 GB
    Free swap space: 3,90 GB
2015-07-08 11:29:16.997+0000 INFO  [org.neo4j]: JVM memory information:
    Free  memory: 24,81 MB
    Total memory: 58,00 MB
    Max   memory: 857,00 MB
    Garbage Collector: PS Scavenge: [PS Eden Space, PS Survivor Space]
    Garbage Collector: PS MarkSweep: [PS Eden Space, PS Survivor Space, PS Old Gen, PS Perm Gen]
    Memory Pool: Code Cache (Non-heap memory): committed=2,44 MB, used=895,94 kB, max=48,00 MB, threshold=0,00 B
    Memory Pool: PS Eden Space (Heap memory): committed=15,50 MB, used=12,88 MB, max=316,50 MB, threshold=?
    Memory Pool: PS Survivor Space (Heap memory): committed=2,50 MB, used=2,47 MB, max=2,50 MB, threshold=?
    Memory Pool: PS Old Gen (Heap memory): committed=40,00 MB, used=17,85 MB, max=642,50 MB, threshold=0,00 B
    Memory Pool: PS Perm Gen (Non-heap memory): committed=21,00 MB, used=19,55 MB, max=166,00 MB, threshold=0,00 B
2015-07-08 11:29:17.004+0000 INFO  [org.neo4j]: Operating system information:
    Operating System: Linux; version: 3.13.0-45-generic; arch: amd64; cpus: 4
    Max number of file descriptors: 4096
    Number of open file descriptors: 66
    Process id: 18465@quentin-W251ESQ-W270ESQ
    Byte order: LITTLE_ENDIAN
    Local timezone: Europe/Paris
2015-07-08 11:29:17.007+0000 INFO  [org.neo4j]: JVM information:
    VM Name: OpenJDK 64-Bit Server VM
    VM Vendor: Oracle Corporation
    VM Version: 24.75-b04
    JIT compiler: HotSpot 64-Bit Tiered Compilers
    VM Arguments: [-Dfile.encoding=UTF-8]
2015-07-08 11:29:17.008+0000 INFO  [org.neo4j]: Java classpath:
     [classpath + loader.0] file:/home/quentin/.m2/repository/org/graphstream/pherd/1.0/pherd-1.0.jar
     [classpath + loader.0] file:/home/quentin/.m2/repository/org/hamcrest/hamcrest-core/1.3/hamcrest-core-1.3.jar
     [classpath + loader.0] file:/home/quentin/.m2/repository/org/graphstream/gs-ui/1.3/gs-ui-1.3.jar
     [classpath + loader.0] file:/home/quentin/.m2/repository/org/neo4j/neo4j-cypher-compiler-2.1/2.1.7/neo4j-cypher-compiler-2.1-2.1.7.jar
     [classpath + loader.0] file:/home/quentin/.m2/repository/com/fasterxml/jackson/core/jackson-databind/2.3.3/jackson-databind-2.3.3.jar
     [classpath + loader.0] file:/home/quentin/.m2/repository/org/neo4j/neo4j-graph-algo/2.2.1/neo4j-graph-algo-2.2.1.jar
     [classpath + loader.0] file:/home/quentin/.m2/repository/org/apache/commons/commons-math3/3.4.1/commons-math3-3.4.1.jar
     [bootstrap] /usr/lib/jvm/java-7-openjdk-amd64/jre/lib/charsets.jar
     [classpath + loader.0] file:/home/quentin/.m2/repository/junit/junit/4.12/junit-4.12.jar
     [bootstrap] /usr/lib/jvm/java-7-openjdk-amd64/jre/lib/sunrsasign.jar
     [classpath + loader.0] file:/home/quentin/.m2/repository/org/neo4j/neo4j-consistency-check/2.2.1/neo4j-consistency-check-2.2.1.jar
     [bootstrap] /usr/lib/jvm/java-7-openjdk-amd64/jre/lib/rhino.jar
     [loader.1] file:/usr/lib/jvm/java-7-openjdk-amd64/jre/lib/ext/zipfs.jar
     [loader.1] file:/usr/lib/x86_64-linux-gnu/jni/libatk-wrapper.so.0.0.18
     [classpath + loader.0] file:/home/quentin/.m2/repository/xml-apis/xml-apis/1.3.04/xml-apis-1.3.04.jar
     [loader.1] file:/usr/lib/jvm/java-7-openjdk-amd64/jre/lib/ext/sunpkcs11.jar
     [classpath + loader.0] file:/home/quentin/git/ProjetSMBL/Generator/target/classes/
     [classpath + loader.0] file:/home/quentin/.m2/repository/org/neo4j/neo4j-graph-matching/2.2.1/neo4j-graph-matching-2.2.1.jar
     [classpath + loader.0] file:/home/quentin/.m2/repository/org/neo4j/neo4j-lucene-index/2.2.1/neo4j-lucene-index-2.2.1.jar
     [classpath + loader.0] file:/home/quentin/.m2/repository/org/neo4j/neo4j-kernel/2.2.1/neo4j-kernel-2.2.1.jar
     [classpath + loader.0] file:/home/quentin/.m2/repository/net/sf/opencsv/opencsv/2.3/opencsv-2.3.jar
     [classpath + loader.0] file:/home/quentin/git/ProjetSMBL/Generator/target/test-classes/
     [classpath + loader.0] file:/home/quentin/.m2/repository/org/neo4j/neo4j-jmx/2.2.1/neo4j-jmx-2.2.1.jar
     [classpath + loader.0] file:/home/quentin/.m2/repository/org/scala-lang/scala-reflect/2.10.5/scala-reflect-2.10.5.jar
     [classpath + loader.0] file:/home/quentin/.m2/repository/org/jfree/jfreechart/1.0.14/jfreechart-1.0.14.jar
     [bootstrap] /usr/lib/jvm/java-7-openjdk-amd64/jre/lib/resources.jar
     [classpath + loader.0] file:/home/quentin/.m2/repository/org/jfree/jcommon/1.0.17/jcommon-1.0.17.jar
     [classpath + loader.0] file:/home/quentin/.m2/repository/org/graphstream/gs-core/1.3/gs-core-1.3.jar
     [classpath + loader.0] file:/home/quentin/.m2/repository/org/neo4j/neo4j-cypher-compiler-2.2/2.2.1/neo4j-cypher-compiler-2.2-2.2.1.jar
     [classpath + loader.0] file:/home/quentin/.m2/repository/org/neo4j/neo4j-cypher-compiler-1.9/2.0.4/neo4j-cypher-compiler-1.9-2.0.4.jar
     [classpath + loader.0] file:/home/quentin/git/ProjetSMBL/View/target/classes/
     [loader.1] file:/usr/lib/jvm/java-7-openjdk-amd64/jre/lib/ext/icedtea-sound.jar
     [classpath + loader.0] file:/home/quentin/.m2/repository/org/neo4j/neo4j-cypher/2.2.1/neo4j-cypher-2.2.1.jar
     [classpath + loader.0] file:/home/quentin/.m2/repository/org/neo4j/neo4j-primitive-collections/2.2.1/neo4j-primitive-collections-2.2.1.jar
     [classpath + loader.0] file:/home/quentin/.m2/repository/org/apache/commons/commons-math/2.1/commons-math-2.1.jar
     [loader.1] file:/usr/lib/jvm/java-7-openjdk-amd64/jre/lib/ext/sunjce_provider.jar
     [classpath + loader.0] file:/home/quentin/Program_Files/eclipse-luna/plugins/org.hamcrest.core_1.3.0.v201303031735.jar
     [classpath + loader.0] file:/home/quentin/git/ProjetSMBL/View/target/test-classes/
     [classpath + loader.0] file:/home/quentin/.m2/repository/org/neo4j/neo4j-csv/2.2.1/neo4j-csv-2.2.1.jar
     [classpath + loader.0] file:/home/quentin/.m2/repository/org/neo4j/neo4j-udc/2.2.1/neo4j-udc-2.2.1.jar
     [classpath + loader.0] file:/home/quentin/.m2/repository/org/parboiled/parboiled-scala_2.10/1.1.7/parboiled-scala_2.10-1.1.7.jar
     [classpath + loader.0] file:/home/quentin/.m2/repository/org/parboiled/parboiled-core/1.1.7/parboiled-core-1.1.7.jar
     [bootstrap] /usr/lib/jvm/java-7-openjdk-amd64/jre/lib/jce.jar
     [loader.1] file:/usr/lib/jvm/java-7-openjdk-amd64/jre/lib/ext/dnsns.jar
     [classpath + loader.0] file:/home/quentin/.m2/repository/bouncycastle/bcprov-jdk14/138/bcprov-jdk14-138.jar
     [classpath + loader.0] file:/home/quentin/.m2/repository/org/neo4j/neo4j/2.2.1/neo4j-2.2.1.jar
     [classpath + loader.0] file:/home/quentin/Program_Files/eclipse-luna/plugins/org.junit_4.11.0.v201303080030/junit.jar
     [classpath + loader.0] file:/home/quentin/.m2/repository/org/apache/lucene/lucene-core/3.6.2/lucene-core-3.6.2.jar
     [classpath + loader.0] file:/home/quentin/git/ProjetSMBL/SMA/target/classes/
     [bootstrap] /usr/lib/jvm/java-7-openjdk-amd64/jre/lib/jsse.jar
     [classpath + loader.0] file:/home/quentin/.m2/repository/org/neo4j/neo4j-cypher-compiler-2.0/2.0.4/neo4j-cypher-compiler-2.0-2.0.4.jar
     [classpath + loader.0] file:/home/quentin/.m2/repository/org/neo4j/neo4j-io/2.2.1/neo4j-io-2.2.1.jar
     [loader.1] file:/usr/lib/jvm/java-7-openjdk-amd64/jre/lib/ext/java-atk-wrapper.jar
     [classpath + loader.0] file:/home/quentin/.m2/repository/org/graphstream/mbox2/1.0/mbox2-1.0.jar
     [classpath + loader.0] file:/home/quentin/.m2/repository/com/fasterxml/jackson/core/jackson-core/2.3.1/jackson-core-2.3.1.jar
     [classpath + loader.0] file:/home/quentin/.m2/repository/com/fasterxml/jackson/core/jackson-annotations/2.3.0/jackson-annotations-2.3.0.jar
     [bootstrap] /usr/lib/jvm/java-7-openjdk-amd64/jre/classes
     [bootstrap] /usr/lib/jvm/java-7-openjdk-amd64/jre/lib/jfr.jar
     [bootstrap] /usr/lib/jvm/java-7-openjdk-amd64/jre/lib/rt.jar
     [classpath + loader.0] file:/home/quentin/.m2/repository/org/graphstream/gs-algo/1.3/gs-algo-1.3.jar
     [classpath + loader.0] file:/home/quentin/.m2/repository/com/googlecode/concurrentlinkedhashmap/concurrentlinkedhashmap-lru/1.4/concurrentlinkedhashmap-lru-1.4.jar
     [classpath + loader.0] file:/home/quentin/.m2/repository/bouncycastle/bcmail-jdk14/138/bcmail-jdk14-138.jar
     [classpath + loader.0] file:/home/quentin/.m2/repository/com/lowagie/itext/2.1.5/itext-2.1.5.jar
     [classpath + loader.0] file:/home/quentin/.m2/repository/junit/junit/4.2/junit-4.2.jar
     [loader.1] file:/usr/lib/jvm/java-7-openjdk-amd64/jre/lib/ext/localedata.jar
     [classpath + loader.0] file:/home/quentin/.m2/repository/org/neo4j/neo4j-unsafe/2.2.1/neo4j-unsafe-2.2.1.jar
     [classpath + loader.0] file:/home/quentin/.m2/repository/org/scala-lang/scala-library/2.10.1/scala-library-2.10.1.jar
2015-07-08 11:29:17.012+0000 INFO  [org.neo4j]: Library path:
    /usr/java/packages/lib/amd64
    /usr/lib/x86_64-linux-gnu/jni
    /lib/x86_64-linux-gnu
    /usr/lib/x86_64-linux-gnu
    /usr/lib/jni
    /lib
    /usr/lib
2015-07-08 11:29:17.012+0000 INFO  [org.neo4j]: System.properties:
    sun.boot.library.path = /usr/lib/jvm/java-7-openjdk-amd64/jre/lib/amd64
    path.separator = :
    file.encoding.pkg = sun.io
    user.country = FR
    sun.java.launcher = SUN_STANDARD
    sun.os.patch.level = unknown
    user.dir = /home/quentin/git/ProjetSMBL/SMA
    sun.jnu.encoding = UTF-8
    sun.awt.enableExtraMouseButtons = true
    sun.management.compiler = HotSpot 64-Bit Tiered Compilers
    user.home = /home/quentin
    user.timezone = Europe/Paris
    file.encoding = UTF-8
    org.graphstream.ui.renderer = org.graphstream.ui.j2dviewer.J2DGraphRenderer
    user.name = quentin
    sun.java.command = agents.MainClass
    sun.arch.data.model = 64
    user.language = fr
    awt.toolkit = sun.awt.X11.XToolkit
    file.separator = /
    sun.font.fontmanager = sun.awt.X11FontManager
    sun.io.unicode.encoding = UnicodeLittle
    sun.cpu.endian = little
    sun.desktop = gnome
    sun.cpu.isalist = 
2015-07-08 11:29:17.013+0000 INFO  [org.neo4j]: Linux scheduler information:
    noop [deadline] cfq 
    noop [deadline] cfq 
    none
    none
    none
    none
    none
    none
    none
    none
    none
    none
    none
    none
    none
    none
    none
    none
    none
    none
    none
    none
    none
    none
    none
    none
2015-07-08 11:29:17.018+0000 INFO  [org.neo4j]: Network information:
    Interface wlan0:
        address: fe80:0:0:0:6a5d:43ff:febf:3934%3
        address: 130.120.210.240
    Interface lo:
        address: 0:0:0:0:0:0:0:1%1
        address: 127.0.0.1
2015-07-08 11:29:17.021+0000 INFO  [org.neo4j]: --- INITIALIZED diagnostics END ---
2015-07-08 11:29:17.537+0000 INFO  [org.neo4j]: Opened logical log [/home/quentin/git/ProjetSMBL/SMA/src/main/resources/fusionMemeNoeud/neostore.transaction.db.1] version=1, lastTxId=18 (clean)
2015-07-08 11:29:17.550+0000 INFO  [org.neo4j]: Kernel health set to OK
2015-07-08 11:29:18.202+0000 INFO  [org.neo4j]: --- STARTED diagnostics for KernelDiagnostics:Versions START ---
2015-07-08 11:29:18.202+0000 INFO  [org.neo4j]: Graph Database: org.neo4j.kernel.EmbeddedGraphDatabase StoreId{creationTime=1436354821261, randomId=-7793353600340360823, storeVersion=14969031248344582, upgradeTime=1436354821261, upgradeId=1}
2015-07-08 11:29:18.202+0000 INFO  [org.neo4j]: Kernel version: Neo4j - Graph Database Kernel (neo4j-kernel), version: 2.2.1
2015-07-08 11:29:18.202+0000 INFO  [org.neo4j]: Neo4j component versions:
2015-07-08 11:29:18.206+0000 INFO  [org.neo4j]:   Neo4j - Lucene Index (neo4j-lucene-index), version: 2.2.1; revision: 2.2.1:2.2:904/c23258e99edbfff137bea0d83af56c79a46bca31
2015-07-08 11:29:18.206+0000 INFO  [org.neo4j]:   Neo4j - Cypher Compiler 2.1 (neo4j-cypher-compiler-2.1), version: 2.1.7; revision: 2.1.7:2.1-maint:649/ed233fc1087f4549d1956b8ec4a504fe2f13a446
2015-07-08 11:29:18.206+0000 INFO  [org.neo4j]:   Neo4j - Consistency Checker (neo4j-consistency-check), version: 2.2.1; revision: 2.2.1:2.2:904/c23258e99edbfff137bea0d83af56c79a46bca31
2015-07-08 11:29:18.207+0000 INFO  [org.neo4j]:   Neo4j - Graph Algorithms (neo4j-graph-algo), version: 2.2.1; revision: 2.2.1:2.2:904/c23258e99edbfff137bea0d83af56c79a46bca31
2015-07-08 11:29:18.207+0000 INFO  [org.neo4j]:   Neo4j - Cypher Compiler 2.0 (neo4j-cypher-compiler-2.0), version: 2.0.4; revision: 2.0.4:2.0-maint:130/4a7d10bc274a5d26a180bbe9df25100e8a694748
2015-07-08 11:29:18.207+0000 INFO  [org.neo4j]:   Neo4j - Cypher Compiler 2.2 (neo4j-cypher-compiler-2.2), version: 2.2.1; revision: 2.2.1:2.2:904/c23258e99edbfff137bea0d83af56c79a46bca31
2015-07-08 11:29:18.207+0000 INFO  [org.neo4j]:   Neo4j - Cypher Compiler 1.9 (neo4j-cypher-compiler-1.9), version: 2.0.4; revision: 2.0.4:2.0-maint:130/4a7d10bc274a5d26a180bbe9df25100e8a694748
2015-07-08 11:29:18.207+0000 INFO  [org.neo4j]:   neo4j-udc, version: 2.2.1; revision: 2.2.1:2.2:904/c23258e99edbfff137bea0d83af56c79a46bca31
2015-07-08 11:29:18.207+0000 INFO  [org.neo4j]:   Neo4j - JMX support (neo4j-jmx), version: 2.2.1; revision: 2.2.1:2.2:904/c23258e99edbfff137bea0d83af56c79a46bca31
2015-07-08 11:29:18.207+0000 INFO  [org.neo4j]:   Neo4j - Graph Matching (neo4j-graph-matching), version: 2.2.1; revision: 2.2.1:2.2:904/c23258e99edbfff137bea0d83af56c79a46bca31
2015-07-08 11:29:18.207+0000 INFO  [org.neo4j]:   Neo4j - Graph Database Kernel (neo4j-kernel), version: 2.2.1; revision: 2.2.1:2.2:904/c23258e99edbfff137bea0d83af56c79a46bca31
2015-07-08 11:29:18.207+0000 INFO  [org.neo4j]:   Neo4j - Cypher (neo4j-cypher), version: 2.2.1; revision: 2.2.1:2.2:904/c23258e99edbfff137bea0d83af56c79a46bca31
2015-07-08 11:29:18.207+0000 INFO  [org.neo4j]:   Neo4j - Community (neo4j), version: 2.2.1; revision: 2.2.1:2.2:904/c23258e99edbfff137bea0d83af56c79a46bca31
2015-07-08 11:29:18.207+0000 INFO  [org.neo4j]: --- STARTED diagnostics for KernelDiagnostics:Versions END ---
2015-07-08 11:29:18.208+0000 INFO  [org.neo4j]: --- STARTED diagnostics for NEO_STORE_VERSIONS START ---
2015-07-08 11:29:18.209+0000 INFO  [org.neo4j]: Store versions:
    Store versions:
      NeoStore v0.A.5
      SchemaStore v0.A.5
      NodeStore v0.A.5
      RelationshipStore v0.A.5
      RelationshipTypeStore v0.A.5
      LabelTokenStore v0.A.5
      PropertyStore v0.A.5
      PropertyIndexStore v0.A.5
      StringPropertyStore v0.A.5
      ArrayPropertyStore v0.A.5
      RelationshipGroupStore v0.A.5
2015-07-08 11:29:18.209+0000 INFO  [org.neo4j]: --- STARTED diagnostics for NEO_STORE_VERSIONS END ---
2015-07-08 11:29:18.209+0000 INFO  [org.neo4j]: --- STARTED diagnostics for NEO_STORE_ID_USAGE START ---
2015-07-08 11:29:18.209+0000 INFO  [org.neo4j]: Id usage:
    Id usage:
      SchemaStore: used=1 high=0
      NodeStore: used=6 high=5
      RelationshipStore: used=7 high=6
      RelationshipTypeStore: used=1 high=0
      LabelTokenStore: used=2 high=1
      PropertyStore: used=15 high=14
      PropertyIndexStore: used=13 high=12
      StringPropertyStore: used=1 high=0
      ArrayPropertyStore: used=1 high=0
      RelationshipGroupStore: used=1 high=0
2015-07-08 11:29:18.210+0000 INFO  [org.neo4j]: --- STARTED diagnostics for NEO_STORE_ID_USAGE END ---
2015-07-08 11:29:18.210+0000 INFO  [org.neo4j]: --- STARTED diagnostics for KernelDiagnostics:StoreFiles START ---
2015-07-08 11:29:18.211+0000 INFO  [org.neo4j]: Disk space on partition (Total / Free / Free %): 625834442752 / 538252177408 / 86
Storage files: (filename : modification date - size)
      index:
      - Total: 2015-07-08T13:27:01+0200 - 0,00 B
      lock: 2015-07-08T13:29:17+0200 - 0,00 B
      messages.log: 2015-07-08T13:29:18+0200 - 35,83 kB
      neostore: 2015-07-08T13:29:17+0200 - 99,00 B
      neostore.counts.db.a: 2015-07-08T13:27:04+0200 - 114,00 B
      neostore.counts.db.b: 2015-07-08T13:27:06+0200 - 466,00 B
      neostore.id: 2015-07-08T13:29:17+0200 - 9,00 B
      neostore.labeltokenstore.db: 2015-07-08T13:29:17+0200 - 10,00 B
      neostore.labeltokenstore.db.id: 2015-07-08T13:29:17+0200 - 9,00 B
      neostore.labeltokenstore.db.names: 2015-07-08T13:29:17+0200 - 114,00 B
      neostore.labeltokenstore.db.names.id: 2015-07-08T13:29:17+0200 - 9,00 B
      neostore.nodestore.db: 2015-07-08T13:29:17+0200 - 90,00 B
      neostore.nodestore.db.id: 2015-07-08T13:29:17+0200 - 9,00 B
      neostore.nodestore.db.labels: 2015-07-08T13:29:17+0200 - 68,00 B
      neostore.nodestore.db.labels.id: 2015-07-08T13:29:17+0200 - 9,00 B
      neostore.propertystore.db: 2015-07-08T13:29:17+0200 - 615,00 B
      neostore.propertystore.db.arrays: 2015-07-08T13:29:17+0200 - 128,00 B
      neostore.propertystore.db.arrays.id: 2015-07-08T13:29:17+0200 - 9,00 B
      neostore.propertystore.db.id: 2015-07-08T13:29:17+0200 - 9,00 B
      neostore.propertystore.db.index: 2015-07-08T13:29:17+0200 - 117,00 B
      neostore.propertystore.db.index.id: 2015-07-08T13:29:17+0200 - 9,00 B
      neostore.propertystore.db.index.keys: 2015-07-08T13:29:17+0200 - 532,00 B
      neostore.propertystore.db.index.keys.id: 2015-07-08T13:29:17+0200 - 9,00 B
      neostore.propertystore.db.strings: 2015-07-08T13:29:17+0200 - 128,00 B
      neostore.propertystore.db.strings.id: 2015-07-08T13:29:17+0200 - 9,00 B
      neostore.relationshipgroupstore.db: 2015-07-08T13:29:17+0200 - 25,00 B
      neostore.relationshipgroupstore.db.id: 2015-07-08T13:29:17+0200 - 9,00 B
      neostore.relationshipstore.db: 2015-07-08T13:29:17+0200 - 238,00 B
      neostore.relationshipstore.db.id: 2015-07-08T13:29:17+0200 - 9,00 B
      neostore.relationshiptypestore.db: 2015-07-08T13:29:17+0200 - 5,00 B
      neostore.relationshiptypestore.db.id: 2015-07-08T13:29:17+0200 - 9,00 B
      neostore.relationshiptypestore.db.names: 2015-07-08T13:29:17+0200 - 76,00 B
      neostore.relationshiptypestore.db.names.id: 2015-07-08T13:29:17+0200 - 9,00 B
      neostore.schemastore.db: 2015-07-08T13:29:17+0200 - 64,00 B
      neostore.schemastore.db.id: 2015-07-08T13:29:17+0200 - 9,00 B
      neostore.transaction.db.0: 2015-07-08T13:27:05+0200 - 4,50 kB
      neostore.transaction.db.1: 2015-07-08T13:29:17+0200 - 16,00 B
      schema:
        label:
          lucene:
            _0.cfs: 2015-07-08T13:27:05+0200 - 243,00 B
            segments.gen: 2015-07-08T13:27:05+0200 - 20,00 B
            segments_1: 2015-07-08T13:27:05+0200 - 250,00 B
            write.lock: 2015-07-08T13:29:17+0200 - 0,00 B
          - Total: 2015-07-08T13:29:17+0200 - 513,00 B
        - Total: 2015-07-08T13:27:04+0200 - 513,00 B
      - Total: 2015-07-08T13:27:04+0200 - 513,00 B
      store_lock: 2015-07-08T13:27:01+0200 - 0,00 B
2015-07-08 11:29:18.221+0000 INFO  [org.neo4j]: --- STARTED diagnostics for KernelDiagnostics:StoreFiles END ---
2015-07-08 11:29:18.263+0000 INFO  [org.neo4j]: Database is now ready
2015-07-08 11:29:18.301+0000 INFO  [org.neo4j]: Shutdown started
2015-07-08 11:29:18.301+0000 INFO  [org.neo4j]: Database is now unavailable
2015-07-08 11:29:19.804+0000 INFO  [org.neo4j]: NeoStore closed
2015-07-08 11:29:19.804+0000 INFO  [org.neo4j]: --- STOPPING diagnostics START ---
2015-07-08 11:29:19.804+0000 INFO  [org.neo4j]: --- STOPPING diagnostics END ---
2015-07-08 11:50:47.234+0000 INFO  [org.neo4j]: No locking implementation specified, defaulting to 'community'
2015-07-08 11:50:47.327+0000 INFO  [org.neo4j]: --- INITIALIZED diagnostics START ---
2015-07-08 11:50:47.328+0000 INFO  [org.neo4j]: Neo4j Kernel properties:
    store_dir=/home/quentin/git/ProjetSMBL/SMA/src/main/resources/fusionMemeNoeud
    ephemeral=false
2015-07-08 11:50:47.332+0000 INFO  [org.neo4j]: Diagnostics providers:
    org.neo4j.kernel.configuration.Config
    org.neo4j.kernel.info.DiagnosticsManager
    SYSTEM_MEMORY
    JAVA_MEMORY
    OPERATING_SYSTEM
    JAVA_VIRTUAL_MACHINE
    CLASSPATH
    LIBRARY_PATH
    SYSTEM_PROPERTIES
    LINUX_SCHEDULERS
    NETWORK
2015-07-08 11:50:47.333+0000 INFO  [org.neo4j]: System memory information:
    Total Physical memory: 3,76 GB
    Free Physical memory: 608,53 MB
    Committed virtual memory: 3,02 GB
    Total swap space: 3,90 GB
    Free swap space: 3,90 GB
2015-07-08 11:50:47.335+0000 INFO  [org.neo4j]: JVM memory information:
    Free  memory: 43,22 MB
    Total memory: 77,50 MB
    Max   memory: 857,00 MB
    Garbage Collector: PS Scavenge: [PS Eden Space, PS Survivor Space]
    Garbage Collector: PS MarkSweep: [PS Eden Space, PS Survivor Space, PS Old Gen, PS Perm Gen]
    Memory Pool: Code Cache (Non-heap memory): committed=2,44 MB, used=1,03 MB, max=48,00 MB, threshold=0,00 B
    Memory Pool: PS Eden Space (Heap memory): committed=26,50 MB, used=4,46 MB, max=295,00 MB, threshold=?
    Memory Pool: PS Survivor Space (Heap memory): committed=11,00 MB, used=10,98 MB, max=11,00 MB, threshold=?
    Memory Pool: PS Old Gen (Heap memory): committed=40,00 MB, used=18,84 MB, max=642,50 MB, threshold=0,00 B
    Memory Pool: PS Perm Gen (Non-heap memory): committed=25,50 MB, used=25,43 MB, max=166,00 MB, threshold=0,00 B
2015-07-08 11:50:47.339+0000 INFO  [org.neo4j]: Operating system information:
    Operating System: Linux; version: 3.13.0-45-generic; arch: amd64; cpus: 4
    Max number of file descriptors: 4096
    Number of open file descriptors: 67
    Process id: 19239@quentin-W251ESQ-W270ESQ
    Byte order: LITTLE_ENDIAN
    Local timezone: Europe/Paris
2015-07-08 11:50:47.341+0000 INFO  [org.neo4j]: JVM information:
    VM Name: OpenJDK 64-Bit Server VM
    VM Vendor: Oracle Corporation
    VM Version: 24.75-b04
    JIT compiler: HotSpot 64-Bit Tiered Compilers
    VM Arguments: [-Dfile.encoding=UTF-8]
2015-07-08 11:50:47.341+0000 INFO  [org.neo4j]: Java classpath:
     [classpath + loader.0] file:/home/quentin/.m2/repository/org/graphstream/pherd/1.0/pherd-1.0.jar
     [classpath + loader.0] file:/home/quentin/.m2/repository/org/hamcrest/hamcrest-core/1.3/hamcrest-core-1.3.jar
     [classpath + loader.0] file:/home/quentin/.m2/repository/org/graphstream/gs-ui/1.3/gs-ui-1.3.jar
     [classpath + loader.0] file:/home/quentin/.m2/repository/org/neo4j/neo4j-cypher-compiler-2.1/2.1.7/neo4j-cypher-compiler-2.1-2.1.7.jar
     [classpath + loader.0] file:/home/quentin/.m2/repository/com/fasterxml/jackson/core/jackson-databind/2.3.3/jackson-databind-2.3.3.jar
     [classpath + loader.0] file:/home/quentin/.m2/repository/org/neo4j/neo4j-graph-algo/2.2.1/neo4j-graph-algo-2.2.1.jar
     [classpath + loader.0] file:/home/quentin/.m2/repository/org/apache/commons/commons-math3/3.4.1/commons-math3-3.4.1.jar
     [bootstrap] /usr/lib/jvm/java-7-openjdk-amd64/jre/lib/charsets.jar
     [classpath + loader.0] file:/home/quentin/.m2/repository/junit/junit/4.12/junit-4.12.jar
     [bootstrap] /usr/lib/jvm/java-7-openjdk-amd64/jre/lib/sunrsasign.jar
     [classpath + loader.0] file:/home/quentin/.m2/repository/org/neo4j/neo4j-consistency-check/2.2.1/neo4j-consistency-check-2.2.1.jar
     [bootstrap] /usr/lib/jvm/java-7-openjdk-amd64/jre/lib/rhino.jar
     [loader.1] file:/usr/lib/jvm/java-7-openjdk-amd64/jre/lib/ext/zipfs.jar
     [loader.1] file:/usr/lib/x86_64-linux-gnu/jni/libatk-wrapper.so.0.0.18
     [classpath + loader.0] file:/home/quentin/.m2/repository/xml-apis/xml-apis/1.3.04/xml-apis-1.3.04.jar
     [loader.1] file:/usr/lib/jvm/java-7-openjdk-amd64/jre/lib/ext/sunpkcs11.jar
     [classpath + loader.0] file:/home/quentin/git/ProjetSMBL/Generator/target/classes/
     [classpath + loader.0] file:/home/quentin/.m2/repository/org/neo4j/neo4j-graph-matching/2.2.1/neo4j-graph-matching-2.2.1.jar
     [classpath + loader.0] file:/home/quentin/.m2/repository/org/neo4j/neo4j-lucene-index/2.2.1/neo4j-lucene-index-2.2.1.jar
     [classpath + loader.0] file:/home/quentin/.m2/repository/org/neo4j/neo4j-kernel/2.2.1/neo4j-kernel-2.2.1.jar
     [classpath + loader.0] file:/home/quentin/.m2/repository/net/sf/opencsv/opencsv/2.3/opencsv-2.3.jar
     [classpath + loader.0] file:/home/quentin/git/ProjetSMBL/Generator/target/test-classes/
     [classpath + loader.0] file:/home/quentin/.m2/repository/org/neo4j/neo4j-jmx/2.2.1/neo4j-jmx-2.2.1.jar
     [classpath + loader.0] file:/home/quentin/.m2/repository/org/scala-lang/scala-reflect/2.10.5/scala-reflect-2.10.5.jar
     [classpath + loader.0] file:/home/quentin/.m2/repository/org/jfree/jfreechart/1.0.14/jfreechart-1.0.14.jar
     [bootstrap] /usr/lib/jvm/java-7-openjdk-amd64/jre/lib/resources.jar
     [classpath + loader.0] file:/home/quentin/.m2/repository/org/jfree/jcommon/1.0.17/jcommon-1.0.17.jar
     [classpath + loader.0] file:/home/quentin/.m2/repository/org/graphstream/gs-core/1.3/gs-core-1.3.jar
     [classpath + loader.0] file:/home/quentin/.m2/repository/org/neo4j/neo4j-cypher-compiler-2.2/2.2.1/neo4j-cypher-compiler-2.2-2.2.1.jar
     [classpath + loader.0] file:/home/quentin/.m2/repository/org/neo4j/neo4j-cypher-compiler-1.9/2.0.4/neo4j-cypher-compiler-1.9-2.0.4.jar
     [classpath + loader.0] file:/home/quentin/git/ProjetSMBL/View/target/classes/
     [loader.1] file:/usr/lib/jvm/java-7-openjdk-amd64/jre/lib/ext/icedtea-sound.jar
     [classpath + loader.0] file:/home/quentin/.m2/repository/org/neo4j/neo4j-cypher/2.2.1/neo4j-cypher-2.2.1.jar
     [classpath + loader.0] file:/home/quentin/.m2/repository/org/neo4j/neo4j-primitive-collections/2.2.1/neo4j-primitive-collections-2.2.1.jar
     [classpath + loader.0] file:/home/quentin/.m2/repository/org/apache/commons/commons-math/2.1/commons-math-2.1.jar
     [loader.1] file:/usr/lib/jvm/java-7-openjdk-amd64/jre/lib/ext/sunjce_provider.jar
     [classpath + loader.0] file:/home/quentin/Program_Files/eclipse-luna/plugins/org.hamcrest.core_1.3.0.v201303031735.jar
     [classpath + loader.0] file:/home/quentin/git/ProjetSMBL/View/target/test-classes/
     [classpath + loader.0] file:/home/quentin/.m2/repository/org/neo4j/neo4j-csv/2.2.1/neo4j-csv-2.2.1.jar
     [classpath + loader.0] file:/home/quentin/.m2/repository/org/neo4j/neo4j-udc/2.2.1/neo4j-udc-2.2.1.jar
     [classpath + loader.0] file:/home/quentin/.m2/repository/org/parboiled/parboiled-scala_2.10/1.1.7/parboiled-scala_2.10-1.1.7.jar
     [classpath + loader.0] file:/home/quentin/.m2/repository/org/parboiled/parboiled-core/1.1.7/parboiled-core-1.1.7.jar
     [bootstrap] /usr/lib/jvm/java-7-openjdk-amd64/jre/lib/jce.jar
     [loader.1] file:/usr/lib/jvm/java-7-openjdk-amd64/jre/lib/ext/dnsns.jar
     [classpath + loader.0] file:/home/quentin/.m2/repository/bouncycastle/bcprov-jdk14/138/bcprov-jdk14-138.jar
     [classpath + loader.0] file:/home/quentin/.m2/repository/org/neo4j/neo4j/2.2.1/neo4j-2.2.1.jar
     [classpath + loader.0] file:/home/quentin/Program_Files/eclipse-luna/plugins/org.junit_4.11.0.v201303080030/junit.jar
     [classpath + loader.0] file:/home/quentin/.m2/repository/org/apache/lucene/lucene-core/3.6.2/lucene-core-3.6.2.jar
     [classpath + loader.0] file:/home/quentin/git/ProjetSMBL/SMA/target/classes/
     [bootstrap] /usr/lib/jvm/java-7-openjdk-amd64/jre/lib/jsse.jar
     [classpath + loader.0] file:/home/quentin/.m2/repository/org/neo4j/neo4j-cypher-compiler-2.0/2.0.4/neo4j-cypher-compiler-2.0-2.0.4.jar
     [classpath + loader.0] file:/home/quentin/.m2/repository/org/neo4j/neo4j-io/2.2.1/neo4j-io-2.2.1.jar
     [loader.1] file:/usr/lib/jvm/java-7-openjdk-amd64/jre/lib/ext/java-atk-wrapper.jar
     [classpath + loader.0] file:/home/quentin/.m2/repository/org/graphstream/mbox2/1.0/mbox2-1.0.jar
     [classpath + loader.0] file:/home/quentin/.m2/repository/com/fasterxml/jackson/core/jackson-core/2.3.1/jackson-core-2.3.1.jar
     [classpath + loader.0] file:/home/quentin/.m2/repository/com/fasterxml/jackson/core/jackson-annotations/2.3.0/jackson-annotations-2.3.0.jar
     [bootstrap] /usr/lib/jvm/java-7-openjdk-amd64/jre/classes
     [bootstrap] /usr/lib/jvm/java-7-openjdk-amd64/jre/lib/jfr.jar
     [bootstrap] /usr/lib/jvm/java-7-openjdk-amd64/jre/lib/rt.jar
     [classpath + loader.0] file:/home/quentin/.m2/repository/org/graphstream/gs-algo/1.3/gs-algo-1.3.jar
     [classpath + loader.0] file:/home/quentin/.m2/repository/com/googlecode/concurrentlinkedhashmap/concurrentlinkedhashmap-lru/1.4/concurrentlinkedhashmap-lru-1.4.jar
     [classpath + loader.0] file:/home/quentin/.m2/repository/bouncycastle/bcmail-jdk14/138/bcmail-jdk14-138.jar
     [classpath + loader.0] file:/home/quentin/.m2/repository/com/lowagie/itext/2.1.5/itext-2.1.5.jar
     [classpath + loader.0] file:/home/quentin/.m2/repository/junit/junit/4.2/junit-4.2.jar
     [loader.1] file:/usr/lib/jvm/java-7-openjdk-amd64/jre/lib/ext/localedata.jar
     [classpath + loader.0] file:/home/quentin/.m2/repository/org/neo4j/neo4j-unsafe/2.2.1/neo4j-unsafe-2.2.1.jar
     [classpath + loader.0] file:/home/quentin/.m2/repository/org/scala-lang/scala-library/2.10.1/scala-library-2.10.1.jar
2015-07-08 11:50:47.345+0000 INFO  [org.neo4j]: Library path:
    /usr/java/packages/lib/amd64
    /usr/lib/x86_64-linux-gnu/jni
    /lib/x86_64-linux-gnu
    /usr/lib/x86_64-linux-gnu
    /usr/lib/jni
    /lib
    /usr/lib
2015-07-08 11:50:47.346+0000 INFO  [org.neo4j]: System.properties:
    sun.boot.library.path = /usr/lib/jvm/java-7-openjdk-amd64/jre/lib/amd64
    path.separator = :
    file.encoding.pkg = sun.io
    user.country = FR
    sun.java.launcher = SUN_STANDARD
    sun.os.patch.level = unknown
    user.dir = /home/quentin/git/ProjetSMBL/SMA
    sun.jnu.encoding = UTF-8
    sun.awt.enableExtraMouseButtons = true
    sun.management.compiler = HotSpot 64-Bit Tiered Compilers
    user.home = /home/quentin
    user.timezone = Europe/Paris
    file.encoding = UTF-8
    org.graphstream.ui.renderer = org.graphstream.ui.j2dviewer.J2DGraphRenderer
    user.name = quentin
    sun.java.command = agents.MainClass
    sun.arch.data.model = 64
    user.language = fr
    awt.toolkit = sun.awt.X11.XToolkit
    file.separator = /
    sun.font.fontmanager = sun.awt.X11FontManager
    sun.io.unicode.encoding = UnicodeLittle
    sun.cpu.endian = little
    sun.desktop = gnome
    sun.cpu.isalist = 
2015-07-08 11:50:47.346+0000 INFO  [org.neo4j]: Linux scheduler information:
    noop [deadline] cfq 
    noop [deadline] cfq 
    none
    none
    none
    none
    none
    none
    none
    none
    none
    none
    none
    none
    none
    none
    none
    none
    none
    none
    none
    none
    none
    none
    none
    none
2015-07-08 11:50:47.352+0000 INFO  [org.neo4j]: Network information:
    Interface wlan0:
        address: fe80:0:0:0:6a5d:43ff:febf:3934%3
        address: 130.120.210.240
    Interface lo:
        address: 0:0:0:0:0:0:0:1%1
        address: 127.0.0.1
2015-07-08 11:50:47.354+0000 INFO  [org.neo4j]: --- INITIALIZED diagnostics END ---
2015-07-08 11:50:47.862+0000 INFO  [org.neo4j]: Opened logical log [/home/quentin/git/ProjetSMBL/SMA/src/main/resources/fusionMemeNoeud/neostore.transaction.db.2] version=2, lastTxId=18 (clean)
2015-07-08 11:50:47.878+0000 INFO  [org.neo4j]: Kernel health set to OK
2015-07-08 11:50:48.247+0000 INFO  [org.neo4j]: --- STARTED diagnostics for KernelDiagnostics:Versions START ---
2015-07-08 11:50:48.247+0000 INFO  [org.neo4j]: Graph Database: org.neo4j.kernel.EmbeddedGraphDatabase StoreId{creationTime=1436354821261, randomId=-7793353600340360823, storeVersion=14969031248344582, upgradeTime=1436354821261, upgradeId=1}
2015-07-08 11:50:48.247+0000 INFO  [org.neo4j]: Kernel version: Neo4j - Graph Database Kernel (neo4j-kernel), version: 2.2.1
2015-07-08 11:50:48.247+0000 INFO  [org.neo4j]: Neo4j component versions:
2015-07-08 11:50:48.252+0000 INFO  [org.neo4j]:   Neo4j - Lucene Index (neo4j-lucene-index), version: 2.2.1; revision: 2.2.1:2.2:904/c23258e99edbfff137bea0d83af56c79a46bca31
2015-07-08 11:50:48.252+0000 INFO  [org.neo4j]:   Neo4j - Cypher Compiler 2.1 (neo4j-cypher-compiler-2.1), version: 2.1.7; revision: 2.1.7:2.1-maint:649/ed233fc1087f4549d1956b8ec4a504fe2f13a446
2015-07-08 11:50:48.252+0000 INFO  [org.neo4j]:   Neo4j - Consistency Checker (neo4j-consistency-check), version: 2.2.1; revision: 2.2.1:2.2:904/c23258e99edbfff137bea0d83af56c79a46bca31
2015-07-08 11:50:48.252+0000 INFO  [org.neo4j]:   Neo4j - Graph Algorithms (neo4j-graph-algo), version: 2.2.1; revision: 2.2.1:2.2:904/c23258e99edbfff137bea0d83af56c79a46bca31
2015-07-08 11:50:48.252+0000 INFO  [org.neo4j]:   Neo4j - Cypher Compiler 2.0 (neo4j-cypher-compiler-2.0), version: 2.0.4; revision: 2.0.4:2.0-maint:130/4a7d10bc274a5d26a180bbe9df25100e8a694748
2015-07-08 11:50:48.252+0000 INFO  [org.neo4j]:   Neo4j - Cypher Compiler 2.2 (neo4j-cypher-compiler-2.2), version: 2.2.1; revision: 2.2.1:2.2:904/c23258e99edbfff137bea0d83af56c79a46bca31
2015-07-08 11:50:48.252+0000 INFO  [org.neo4j]:   Neo4j - Cypher Compiler 1.9 (neo4j-cypher-compiler-1.9), version: 2.0.4; revision: 2.0.4:2.0-maint:130/4a7d10bc274a5d26a180bbe9df25100e8a694748
2015-07-08 11:50:48.253+0000 INFO  [org.neo4j]:   neo4j-udc, version: 2.2.1; revision: 2.2.1:2.2:904/c23258e99edbfff137bea0d83af56c79a46bca31
2015-07-08 11:50:48.253+0000 INFO  [org.neo4j]:   Neo4j - JMX support (neo4j-jmx), version: 2.2.1; revision: 2.2.1:2.2:904/c23258e99edbfff137bea0d83af56c79a46bca31
2015-07-08 11:50:48.253+0000 INFO  [org.neo4j]:   Neo4j - Graph Matching (neo4j-graph-matching), version: 2.2.1; revision: 2.2.1:2.2:904/c23258e99edbfff137bea0d83af56c79a46bca31
2015-07-08 11:50:48.253+0000 INFO  [org.neo4j]:   Neo4j - Graph Database Kernel (neo4j-kernel), version: 2.2.1; revision: 2.2.1:2.2:904/c23258e99edbfff137bea0d83af56c79a46bca31
2015-07-08 11:50:48.253+0000 INFO  [org.neo4j]:   Neo4j - Cypher (neo4j-cypher), version: 2.2.1; revision: 2.2.1:2.2:904/c23258e99edbfff137bea0d83af56c79a46bca31
2015-07-08 11:50:48.253+0000 INFO  [org.neo4j]:   Neo4j - Community (neo4j), version: 2.2.1; revision: 2.2.1:2.2:904/c23258e99edbfff137bea0d83af56c79a46bca31
2015-07-08 11:50:48.253+0000 INFO  [org.neo4j]: --- STARTED diagnostics for KernelDiagnostics:Versions END ---
2015-07-08 11:50:48.254+0000 INFO  [org.neo4j]: --- STARTED diagnostics for NEO_STORE_VERSIONS START ---
2015-07-08 11:50:48.255+0000 INFO  [org.neo4j]: Store versions:
    Store versions:
      NeoStore v0.A.5
      SchemaStore v0.A.5
      NodeStore v0.A.5
      RelationshipStore v0.A.5
      RelationshipTypeStore v0.A.5
      LabelTokenStore v0.A.5
      PropertyStore v0.A.5
      PropertyIndexStore v0.A.5
      StringPropertyStore v0.A.5
      ArrayPropertyStore v0.A.5
      RelationshipGroupStore v0.A.5
2015-07-08 11:50:48.255+0000 INFO  [org.neo4j]: --- STARTED diagnostics for NEO_STORE_VERSIONS END ---
2015-07-08 11:50:48.255+0000 INFO  [org.neo4j]: --- STARTED diagnostics for NEO_STORE_ID_USAGE START ---
2015-07-08 11:50:48.255+0000 INFO  [org.neo4j]: Id usage:
    Id usage:
      SchemaStore: used=1 high=0
      NodeStore: used=6 high=5
      RelationshipStore: used=7 high=6
      RelationshipTypeStore: used=1 high=0
      LabelTokenStore: used=2 high=1
      PropertyStore: used=15 high=14
      PropertyIndexStore: used=13 high=12
      StringPropertyStore: used=1 high=0
      ArrayPropertyStore: used=1 high=0
      RelationshipGroupStore: used=1 high=0
2015-07-08 11:50:48.256+0000 INFO  [org.neo4j]: --- STARTED diagnostics for NEO_STORE_ID_USAGE END ---
2015-07-08 11:50:48.256+0000 INFO  [org.neo4j]: --- STARTED diagnostics for KernelDiagnostics:StoreFiles START ---
2015-07-08 11:50:48.257+0000 INFO  [org.neo4j]: Disk space on partition (Total / Free / Free %): 625834442752 / 538251489280 / 86
Storage files: (filename : modification date - size)
      index:
      - Total: 2015-07-08T13:27:01+0200 - 0,00 B
      lock: 2015-07-08T13:50:47+0200 - 0,00 B
      messages.log: 2015-07-08T13:50:48+0200 - 55,27 kB
      neostore: 2015-07-08T13:50:47+0200 - 99,00 B
      neostore.counts.db.a: 2015-07-08T13:27:04+0200 - 114,00 B
      neostore.counts.db.b: 2015-07-08T13:27:06+0200 - 466,00 B
      neostore.id: 2015-07-08T13:50:47+0200 - 9,00 B
      neostore.labeltokenstore.db: 2015-07-08T13:50:47+0200 - 10,00 B
      neostore.labeltokenstore.db.id: 2015-07-08T13:50:47+0200 - 9,00 B
      neostore.labeltokenstore.db.names: 2015-07-08T13:50:47+0200 - 114,00 B
      neostore.labeltokenstore.db.names.id: 2015-07-08T13:50:47+0200 - 9,00 B
      neostore.nodestore.db: 2015-07-08T13:50:47+0200 - 90,00 B
      neostore.nodestore.db.id: 2015-07-08T13:50:47+0200 - 9,00 B
      neostore.nodestore.db.labels: 2015-07-08T13:50:47+0200 - 68,00 B
      neostore.nodestore.db.labels.id: 2015-07-08T13:50:47+0200 - 9,00 B
      neostore.propertystore.db: 2015-07-08T13:50:47+0200 - 615,00 B
      neostore.propertystore.db.arrays: 2015-07-08T13:50:47+0200 - 128,00 B
      neostore.propertystore.db.arrays.id: 2015-07-08T13:50:47+0200 - 9,00 B
      neostore.propertystore.db.id: 2015-07-08T13:50:47+0200 - 9,00 B
      neostore.propertystore.db.index: 2015-07-08T13:50:47+0200 - 117,00 B
      neostore.propertystore.db.index.id: 2015-07-08T13:50:47+0200 - 9,00 B
      neostore.propertystore.db.index.keys: 2015-07-08T13:50:47+0200 - 532,00 B
      neostore.propertystore.db.index.keys.id: 2015-07-08T13:50:47+0200 - 9,00 B
      neostore.propertystore.db.strings: 2015-07-08T13:50:47+0200 - 128,00 B
      neostore.propertystore.db.strings.id: 2015-07-08T13:50:47+0200 - 9,00 B
      neostore.relationshipgroupstore.db: 2015-07-08T13:50:47+0200 - 25,00 B
      neostore.relationshipgroupstore.db.id: 2015-07-08T13:50:47+0200 - 9,00 B
      neostore.relationshipstore.db: 2015-07-08T13:50:47+0200 - 238,00 B
      neostore.relationshipstore.db.id: 2015-07-08T13:50:47+0200 - 9,00 B
      neostore.relationshiptypestore.db: 2015-07-08T13:50:47+0200 - 5,00 B
      neostore.relationshiptypestore.db.id: 2015-07-08T13:50:47+0200 - 9,00 B
      neostore.relationshiptypestore.db.names: 2015-07-08T13:50:47+0200 - 76,00 B
      neostore.relationshiptypestore.db.names.id: 2015-07-08T13:50:47+0200 - 9,00 B
      neostore.schemastore.db: 2015-07-08T13:50:47+0200 - 64,00 B
      neostore.schemastore.db.id: 2015-07-08T13:50:47+0200 - 9,00 B
      neostore.transaction.db.0: 2015-07-08T13:27:05+0200 - 4,50 kB
      neostore.transaction.db.1: 2015-07-08T13:29:17+0200 - 16,00 B
      neostore.transaction.db.2: 2015-07-08T13:50:47+0200 - 16,00 B
      schema:
        label:
          lucene:
            _0.cfs: 2015-07-08T13:27:05+0200 - 243,00 B
            segments.gen: 2015-07-08T13:27:05+0200 - 20,00 B
            segments_1: 2015-07-08T13:27:05+0200 - 250,00 B
            write.lock: 2015-07-08T13:50:47+0200 - 0,00 B
          - Total: 2015-07-08T13:50:47+0200 - 513,00 B
        - Total: 2015-07-08T13:27:04+0200 - 513,00 B
      - Total: 2015-07-08T13:27:04+0200 - 513,00 B
      store_lock: 2015-07-08T13:27:01+0200 - 0,00 B
2015-07-08 11:50:48.268+0000 INFO  [org.neo4j]: --- STARTED diagnostics for KernelDiagnostics:StoreFiles END ---
2015-07-08 11:50:48.312+0000 INFO  [org.neo4j]: Database is now ready
2015-07-08 11:50:48.353+0000 INFO  [org.neo4j]: Shutdown started
2015-07-08 11:50:48.353+0000 INFO  [org.neo4j]: Database is now unavailable
2015-07-08 11:50:49.636+0000 INFO  [org.neo4j]: NeoStore closed
2015-07-08 11:50:49.636+0000 INFO  [org.neo4j]: --- STOPPING diagnostics START ---
2015-07-08 11:50:49.636+0000 INFO  [org.neo4j]: --- STOPPING diagnostics END ---
